<?xml version="1.0" encoding="UTF-8"?>
<!-- Generated by org.testng.reporters.JUnitReportReporter -->
<testsuite hostname="SarthakDell" failures="0" tests="5" name="com.qa.tutorialsninja.TestCases.LoginTest" time="30.137" errors="0" timestamp="2023-09-17T00:34:40 GMT-04:00" skipped="1">
  <testcase classname="com.qa.tutorialsninja.TestCases.LoginTest" name="verifyLoginWithValidEmailInvalidPassword" time="9.359"/>
  <testcase classname="com.qa.tutorialsninja.TestCases.LoginTest" name="verifyLoginWithInvalidEmailValidPassword" time="7.962"/>
  <testcase classname="com.qa.tutorialsninja.TestCases.LoginTest" name="verifyLoginWithInvalidCredentials" time="6.454"/>
  <testcase classname="com.qa.tutorialsninja.TestCases.LoginTest" name="verifyLoginWithNoCredentials" time="6.362"/>
  <testcase classname="com.qa.tutorialsninja.TestCases.LoginTest" name="verifyLoginWithValidCredentials">
    <skipped/>
  </testcase> <!-- verifyLoginWithValidCredentials -->
</testsuite> <!-- com.qa.tutorialsninja.TestCases.LoginTest -->
